#-----------------------------------------------------------
# Webtalk v2019.1 (64-bit)
# SW Build 2552052 on Fri May 24 14:49:42 MDT 2019
# 
# Start of session at: Wed Nov 27 21:26:31 2024
# Process ID: 23292
# Current directory: C:/Xilinx/projects/pmod_esp32/pmod_esp32.sdk/webtalk
# Command line: wbtcv.exe -mode batch -source sdk_webtalk.tcl
# Log file: C:/Xilinx/projects/pmod_esp32/pmod_esp32.sdk/webtalk/webtalk.log
# Journal file: C:/Xilinx/projects/pmod_esp32/pmod_esp32.sdk/webtalk\webtalk.jou
#-----------------------------------------------------------
source sdk_webtalk.tcl
# webtalk_init -webtalk_dir C:\\Xilinx\\projects\\pmod_esp32\\pmod_esp32.sdk\\webtalk
# webtalk_register_client -client project
# webtalk_add_data -client project -key date_generated -value "2024-11-27 21:26:29" -context "software_version_and_target_device"
# webtalk_add_data -client project -key product_version -value "SDK v2019.1" -context "software_version_and_target_device"
# webtalk_add_data -client project -key build_version -value "2019.1" -context "software_version_and_target_device"
# webtalk_add_data -client project -key os_platform -value "amd64" -context "software_version_and_target_device"
# webtalk_add_data -client project -key registration_id -value "212536892_0_0_962" -context "software_version_and_target_device"
# webtalk_add_data -client project -key tool_flow -value "SDK" -context "software_version_and_target_device"
# webtalk_add_data -client project -key beta -value "false" -context "software_version_and_target_device"
# webtalk_add_data -client project -key route_design -value "NA" -context "software_version_and_target_device"
# webtalk_add_data -client project -key target_family -value "NA" -context "software_version_and_target_device"
# webtalk_add_data -client project -key target_device -value "NA" -context "software_version_and_target_device"
# webtalk_add_data -client project -key target_package -value "NA" -context "software_version_and_target_device"
# webtalk_add_data -client project -key target_speed -value "NA" -context "software_version_and_target_device"
# webtalk_add_data -client project -key random_id -value "kar9hlm5oncncgbovgcdk9h93q" -context "software_version_and_target_device"
# webtalk_add_data -client project -key project_id -value "2019.1_4" -context "software_version_and_target_device"
# webtalk_add_data -client project -key project_iteration -value "4" -context "software_version_and_target_device"
# webtalk_add_data -client project -key os_name -value "Microsoft Windows 8 or later , 64-bit" -context "user_environment"
# webtalk_add_data -client project -key os_release -value "major release  (build 9200)" -context "user_environment"
# webtalk_add_data -client project -key cpu_name -value "Intel(R) Core(TM) i5-10310U CPU @ 1.70GHz" -context "user_environment"
# webtalk_add_data -client project -key cpu_speed -value "2208 MHz" -context "user_environment"
# webtalk_add_data -client project -key total_processors -value "1" -context "user_environment"
# webtalk_add_data -client project -key system_ram -value "16.885 GB" -context "user_environment"
# webtalk_register_client -client sdk
# webtalk_add_data -client sdk -key uid -value "1732738714948" -context "sdk\\\\hardware/1732738714948"
# webtalk_add_data -client sdk -key isZynq -value "false" -context "sdk\\\\hardware/1732738714948"
# webtalk_add_data -client sdk -key isZynqMP -value "false" -context "sdk\\\\hardware/1732738714948"
# webtalk_add_data -client sdk -key Processors -value "1" -context "sdk\\\\hardware/1732738714948"
# webtalk_add_data -client sdk -key VivadoVersion -value "2019.1" -context "sdk\\\\hardware/1732738714948"
# webtalk_add_data -client sdk -key Arch -value "artix7" -context "sdk\\\\hardware/1732738714948"
# webtalk_add_data -client sdk -key Device -value "7a100t" -context "sdk\\\\hardware/1732738714948"
# webtalk_add_data -client sdk -key IsHandoff -value "true" -context "sdk\\\\hardware/1732738714948"
# webtalk_add_data -client sdk -key os -value "NA" -context "sdk\\\\hardware/1732738714948"
# webtalk_add_data -client sdk -key apptemplate -value "NA" -context "sdk\\\\hardware/1732738714948"
# webtalk_add_data -client sdk -key RecordType -value "HWCreation" -context "sdk\\\\hardware/1732738714948"
# webtalk_add_data -client sdk -key uid -value "1732738871396" -context "sdk\\\\bsp/1732738871396"
# webtalk_add_data -client sdk -key hwid -value "1732738714948" -context "sdk\\\\bsp/1732738871396"
# webtalk_add_data -client sdk -key os -value "standalone" -context "sdk\\\\bsp/1732738871396"
# webtalk_add_data -client sdk -key apptemplate -value "hello_world" -context "sdk\\\\bsp/1732738871396"
# webtalk_add_data -client sdk -key RecordType -value "BSPCreation" -context "sdk\\\\bsp/1732738871396"
# webtalk_add_data -client sdk -key uid -value "1732738879128" -context "sdk\\\\application/1732738879128"
# webtalk_add_data -client sdk -key hwid -value "1732738714948" -context "sdk\\\\application/1732738879128"
# webtalk_add_data -client sdk -key bspid -value "1732738871396" -context "sdk\\\\application/1732738879128"
# webtalk_add_data -client sdk -key newbsp -value "true" -context "sdk\\\\application/1732738879128"
# webtalk_add_data -client sdk -key os -value "standalone" -context "sdk\\\\application/1732738879128"
# webtalk_add_data -client sdk -key apptemplate -value "hello_world" -context "sdk\\\\application/1732738879128"
# webtalk_add_data -client sdk -key RecordType -value "APPCreation" -context "sdk\\\\application/1732738879128"
# webtalk_add_data -client sdk -key LangUsed -value "C" -context "sdk\\\\application/1732738879128"
# webtalk_add_data -client sdk -key Procused -value "microblaze" -context "sdk\\\\application/1732738879128"
# webtalk_add_data -client sdk -key projSize -value "87.98828125" -context "sdk\\\\application/1732738879128"
# webtalk_add_data -client sdk -key uid -value "1732738982349" -context "sdk\\\\bsp/1732738982349"
# webtalk_add_data -client sdk -key hwid -value "1732738714948" -context "sdk\\\\bsp/1732738982349"
# webtalk_add_data -client sdk -key os -value "standalone" -context "sdk\\\\bsp/1732738982349"
# webtalk_add_data -client sdk -key apptemplate -value "empty_application" -context "sdk\\\\bsp/1732738982349"
# webtalk_add_data -client sdk -key RecordType -value "BSPCreation" -context "sdk\\\\bsp/1732738982349"
# webtalk_add_data -client sdk -key uid -value "1732738987763" -context "sdk\\\\application/1732738987763"
# webtalk_add_data -client sdk -key hwid -value "1732738714948" -context "sdk\\\\application/1732738987763"
# webtalk_add_data -client sdk -key bspid -value "1732738982349" -context "sdk\\\\application/1732738987763"
# webtalk_add_data -client sdk -key newbsp -value "true" -context "sdk\\\\application/1732738987763"
# webtalk_add_data -client sdk -key os -value "standalone" -context "sdk\\\\application/1732738987763"
# webtalk_add_data -client sdk -key apptemplate -value "empty_application" -context "sdk\\\\application/1732738987763"
# webtalk_add_data -client sdk -key RecordType -value "APPCreation" -context "sdk\\\\application/1732738987763"
# webtalk_add_data -client sdk -key LangUsed -value "C" -context "sdk\\\\application/1732738987763"
# webtalk_add_data -client sdk -key Procused -value "microblaze" -context "sdk\\\\application/1732738987763"
# webtalk_add_data -client sdk -key projSize -value "100.23046875" -context "sdk\\\\application/1732738987763"
# webtalk_add_data -client sdk -key uid -value "NA" -context "sdk\\\\bsp/1732739189694"
# webtalk_add_data -client sdk -key RecordType -value "ToolUsage" -context "sdk\\\\bsp/1732739189694"
# webtalk_add_data -client sdk -key BootgenCount -value "0" -context "sdk\\\\bsp/1732739189694"
# webtalk_add_data -client sdk -key DebugCount -value "0" -context "sdk\\\\bsp/1732739189694"
# webtalk_add_data -client sdk -key PerfCount -value "0" -context "sdk\\\\bsp/1732739189694"
# webtalk_add_data -client sdk -key FlashCount -value "0" -context "sdk\\\\bsp/1732739189694"
# webtalk_add_data -client sdk -key CrossTriggCount -value "0" -context "sdk\\\\bsp/1732739189694"
# webtalk_add_data -client sdk -key QemuDebugCount -value "0" -context "sdk\\\\bsp/1732739189694"
# webtalk_transmit -clientid 2244185042 -regid "212536892_0_0_962" -xml C:\\Xilinx\\projects\\pmod_esp32\\pmod_esp32.sdk\\webtalk\\usage_statistics_ext_sdk.xml -html C:\\Xilinx\\projects\\pmod_esp32\\pmod_esp32.sdk\\webtalk\\usage_statistics_ext_sdk.html -wdm C:\\Xilinx\\projects\\pmod_esp32\\pmod_esp32.sdk\\webtalk\\sdk_webtalk.wdm -intro "<H3>SDK Usage Report</H3><BR>"
# webtalk_terminate
INFO: [Common 17-206] Exiting Webtalk at Wed Nov 27 21:26:37 2024...
